0 info it worked if it ends with ok
1 verbose cli [ 'node',
1 verbose cli   '/usr/local/bin/npm',
1 verbose cli   'install',
1 verbose cli   '-g',
1 verbose cli   'generator-jquery' ]
2 info using npm@1.3.4
3 info using node@v0.10.13
4 verbose cache add [ 'generator-jquery', null ]
5 verbose cache add name=undefined spec="generator-jquery" args=["generator-jquery",null]
6 verbose parsed url { protocol: null,
6 verbose parsed url   slashes: null,
6 verbose parsed url   auth: null,
6 verbose parsed url   host: null,
6 verbose parsed url   port: null,
6 verbose parsed url   hostname: null,
6 verbose parsed url   hash: null,
6 verbose parsed url   search: null,
6 verbose parsed url   query: null,
6 verbose parsed url   pathname: 'generator-jquery',
6 verbose parsed url   path: 'generator-jquery',
6 verbose parsed url   href: 'generator-jquery' }
7 silly lockFile 0d837b1d-generator-jquery generator-jquery
8 verbose lock generator-jquery /Users/voahar/.npm/0d837b1d-generator-jquery.lock
9 silly lockFile 0d837b1d-generator-jquery generator-jquery
10 verbose addNamed [ 'generator-jquery', '' ]
11 verbose addNamed [ null, '*' ]
12 silly lockFile 659af03e-generator-jquery generator-jquery@
13 verbose lock generator-jquery@ /Users/voahar/.npm/659af03e-generator-jquery.lock
14 silly lockFile 659af03e-generator-jquery generator-jquery@
15 error Error: EACCES, open '/Users/voahar/.npm/659af03e-generator-jquery.lock'
15 error  { [Error: EACCES, open '/Users/voahar/.npm/659af03e-generator-jquery.lock']
15 error   errno: 3,
15 error   code: 'EACCES',
15 error   path: '/Users/voahar/.npm/659af03e-generator-jquery.lock' }
16 error Please try running this command again as root/Administrator.
17 error System Darwin 12.4.0
18 error command "node" "/usr/local/bin/npm" "install" "-g" "generator-jquery"
19 error cwd /Users/voahar/dev/projects/betela/node
20 error node -v v0.10.13
21 error npm -v 1.3.4
22 error path /Users/voahar/.npm/659af03e-generator-jquery.lock
23 error code EACCES
24 error errno 3
25 error stack Error: EACCES, open '/Users/voahar/.npm/659af03e-generator-jquery.lock'
26 verbose exit [ 3, true ]
